SUM
40
C
SUM
3698
C
MAX
952
C
SUM
345
MAX
874
SUM
2570
C
MAX
952
C
C
SUM
-2796
MIN
-718
MIN
-5
MIN
-955
MIN
-840
MIN
-718
MIN
-774
MIN
-984
C
N
MIN
-807
SUM
827
MAX
936
MAX
952
MAX
653
SUM
-356
C
N
N
N
MAX
874
SUM
-884
MAX
773
MIN
-977
SUM
6952
C
MIN
-753
N
N
MIN
-678
C
MAX
690
MIN
-952
N
N
SUM
-1745
SUM
-5136
N
C
MIN
-777
MAX
986
N
MAX
781
MIN
-599
MIN
-639
N
C
MAX
824
SUM
-260
N
MIN
-821
MAX
766
N
MIN
-837
SUM
-3378
MIN
-956
SUM
-542
C
C
MIN
-868
SUM
935
C
C
N
MAX
821
SUM
1070
MIN
-770
N
C
N
N
MAX
825
N
N
MIN
-821
MAX
952
C
MIN
-920
MIN
-821
C
MIN
-499
MAX
963
MIN
-868
C
MIN
-770
MAX
952
C
C
C
MIN
-912
N
C
N
MAX
753
C
SUM
1252
MAX
329
C
N
N
SUM
-1464
MAX
916
MAX
952
MAX
653
MIN
-880
N
MAX
908
SUM
-1557
SUM
2198
MIN
-718
MAX
992
N
MIN
-415
MAX
100
SUM
2691
N
MAX
683
SUM
581
MIN
-864
N
N
MAX
925
C
SUM
2658
MIN
-982
MIN
-872
SUM
-1685
MIN
-986
MAX
870
MAX
952
C
SUM
2117
N
MIN
-868
MAX
986
C
N
N
C
N
N
SUM
686
MAX
821
N
MIN
-888
SUM
4176
N
C
MIN
-332
N
N
SUM
3371
N
MAX
683
SUM
-520
MAX
952
N
C
SUM
1129
SUM
-786
C
N
N
N
MIN
-329
MAX
952
MAX
753
SUM
1449
C
C
MIN
-397
MAX
952
MIN
-834
C
MAX
770
MIN
-877
SUM
-1826
SUM
-1741
MIN
-967
N
C
MIN
-562
N
C
N
C
SUM
292
N
N
N
SUM
194
MAX
718
MAX
868
MIN
-952
MAX
774
N
SUM
2166
SUM
-1435
C
MIN
-821
SUM
-2810
MIN
-952
N
C
MIN
-952
N
C
C
SUM
1978
C
C
N
C
N
MIN
-986
C
MIN
-971
N
MIN
-54
SUM
-3843
C
N
C
N
SUM
-1199
MAX
774
MIN
-777
MAX
843
SUM
-1523
SUM
489
MAX
860
MIN
-755
SUM
-1787
SUM
-379
N
N
C
MIN
-952
SUM
-474
C
SUM
-814
MIN
-997
N
C
MAX
868
C
MAX
176
C
SUM
2459
C
SUM
-346
C
SUM
274
C
MIN
-875
MAX
905
SUM
1850
MAX
893
MAX
748
C
MAX
954
MAX
868
MAX
438
MAX
992
N
MIN
-683
N
N
MAX
952
MAX
537
C
N
MAX
438
MAX
529
MAX
957
N
C
SUM
1493
SUM
-3852
SUM
1535
N
C
MAX
91
MAX
952
SUM
-339
SUM
-2679
MIN
-939
SUM
747
C
SUM
-1136
MAX
976
C
N
MAX
537
SUM
-41
SUM
126
N
MAX
277
N
C
MIN
-992
SUM
528
C
SUM
-621
N
C
MIN
-991
MAX
868
C
MIN
-761
MAX
802
MAX
868
MAX
616
MIN
-753
MIN
-959
C
C
SUM
-1353
MIN
-678
SUM
-1075
MAX
616
N
C
MIN
-653
MAX
966
C
MIN
-837
C
SUM
-1918
MAX
917
MAX
903
MIN
-923
C
C
C
C
C
C
SUM
-907
C
C
MAX
798
MAX
510
MIN
-718
N
SUM
-3020
N
MAX
952
MAX
654
N
SUM
935
SUM
-3026
MAX
952
SUM
4180
N
N
MAX
944
SUM
-724
MAX
965
MIN
-992
SUM
-3297
SUM
811
SUM
672
MIN
-941
C
N
SUM
-1137
SUM
562
SUM
-1574
MAX
992
N
MIN
-641
C
MAX
710
MIN
-946
C
MIN
-941
MAX
880
N
MIN
-512
C
SUM
116
SUM
3717
N
MIN
-441
C
MAX
985
N
N
MAX
880
N
N
C
SUM
725
MIN
-952
N
MAX
992
N
MAX
872
C
N
SUM
2478
N
MAX
722
C
N
MIN
-770
SUM
201
C
SUM
2529
MIN
-868
MAX
890
N
N
SUM
362
C
C
MIN
-859
N
MAX
893
N
MIN
-992
N
C
SUM
-1901
MIN
-916
MAX
599
C
C
SUM
-1032
SUM
-1289
MAX
511
C
N
C
C
MIN
-158
C
SUM
-400
MAX
609
SUM
-3444
MIN
-924
SUM
-4857
N
N
SUM
-190
C
MIN
-950
N
SUM
869
MIN
-647
C
SUM
319
N
C
N
C
MIN
-832
SUM
-483
MAX
718
MIN
-868
MIN
-777
C
MAX
502
MIN
-868
N
C
SUM
185
C
MAX
821
SUM
3191
C
C
MAX
949
SUM
468
N
MIN
-881
SUM
1996
N
C
SUM
-1293
SUM
-1480
MAX
983
N
MAX
537
MAX
523
C
SUM
355
SUM
-2863
MIN
-859
MAX
952
N
MAX
821
C
SUM
-1124
SUM
3047
MAX
986
MAX
891
MAX
329
MAX
989
SUM
-1110
MAX
802
N
N
N
SUM
-730
SUM
-987
MAX
749
MIN
-909
C
SUM
-4311
SUM
-3464
MAX
689
SUM
-470
N
N
MIN
-718
SUM
1398
N
SUM
2186
N
C
SUM
863
MIN
-221
MIN
-874
SUM
130
MAX
868
N
MIN
-639
N
N
MIN
-962
MAX
525
C
MAX
821
MIN
-909
MIN
-859
SUM
-1755
SUM
-1356
C
C
N
MAX
803
MAX
872
SUM
-1302
N
C
N
SUM
-1998
SUM
-83
MAX
681
MIN
-821
MAX
911
C
N
N
SUM
-125
C
MAX
964
SUM
-975
N
SUM
1187
C
MAX
968
SUM
1232
C
SUM
-283
SUM
507
N
MAX
955
SUM
895
SUM
265
C
MIN
-639
MIN
-810
N
C
MAX
653
MAX
903
C
N
SUM
-2830
N
C
MIN
-764
MAX
952
MAX
883
N
MAX
952
MAX
537
SUM
-167
SUM
-1069
SUM
651
MIN
-863
N
SUM
-780
MAX
986
N
MAX
314
C
MIN
-594
C
MAX
981
MIN
-667
N
N
MAX
805
MAX
868
MAX
964
MAX
952
C
SUM
-1424
C
N
SUM
2113
SUM
692
N
N
MIN
-753
SUM
-1714
C
N
MIN
-718
SUM
209
MAX
992
N
SUM
-69
SUM
856
MIN
-971
C
MAX
821
MIN
-875
N
C
MAX
874
C
SUM
-85
MAX
908
SUM
632
C
N
MAX
928
C
MAX
821
N
MAX
860
MIN
-859
N
MAX
952
SUM
363
C
MIN
-539
MAX
984
MIN
-770
MAX
810
MAX
755
MIN
-821
N
SUM
-1002
N
MIN
-192
N
MIN
-951
SUM
1866
SUM
-426
SUM
-2480
N
C
MIN
-893
MAX
992
N
C
C
SUM
1905
C
C
MAX
821
N
SUM
-770
C
SUM
-428
MIN
-868
SUM
-4282
MAX
231
C
C
MIN
-968
MIN
-968
C
MIN
-826
SUM
-2794
MIN
-968
MAX
992
C
MIN
-773
MAX
952
MIN
-904
N
N
N
N
C
MAX
992
MIN
-875
MIN
-934
MAX
952
N
MAX
821
N
SUM
1925
MIN
-995
N
MIN
-875
MIN
-872
MAX
182
SUM
-2959
SUM
-2577
MAX
821
N
SUM
2958
C
N
N
MAX
952
MAX
952
MIN
-875
N
C
MAX
992
C
C
MAX
952
MAX
980
SUM
-3453
MAX
984
C
N
SUM
122
SUM
-1776
MIN
-800
MAX
952
SUM
-152
C
MAX
860
C
N
MIN
-986
N
SUM
26
N
MAX
821
MAX
885
SUM
-478
C
MAX
880
SUM
-809
MIN
-653
MAX
522
C
C
SUM
-758
MIN
-985
C
SUM
300
C
SUM
-1208
N
C
MAX
873
MIN
-864
SUM
175
SUM
-2576
SUM
-815
MIN
-825
MAX
523
C
MIN
-559
MAX
955
C
SUM
-4944
N
MAX
878
MAX
752
N
MAX
821
N
SUM
330
MIN
-277
N
SUM
-1209
MIN
-986
C
C
C
N
MIN
-862
MAX
986
SUM
1174
C
N
C
SUM
-276
SUM
-3397
MAX
824
C
C
N
N
N
MIN
-985
N
N
N
N
SUM
-1293
N
N
MIN
-800
MAX
822
N
MAX
873
MAX
952
MAX
868
MIN
-872
MIN
-718
MIN
-992
MIN
-639
MAX
940
C
N
MIN
-872
C
MAX
942
MIN
-512
MAX
749
C
N
MAX
983
MIN
-952
MIN
-886
MIN
-952
MIN
-952
MAX
821
MIN
-771
C
MAX
873
N
MIN
-731
C
SUM
-2109
SUM
758
SUM
2163
SUM
2503
MIN
-992
MAX
860
MAX
821
C
C
MIN
-541
N
C
MAX
873
C
C
C
MIN
-755
MAX
653
C
N
N
SUM
1081
C
N
SUM
-1199
MAX
912
MAX
868
MAX
959
N
SUM
316
C
MAX
891
MIN
-991
SUM
3315
C
SUM
228
MAX
807
N
MAX
883
MAX
942
MIN
-992
MAX
499
SUM
-2
MIN
-753
MAX
952
SUM
-3887
MIN
-992
C
MIN
-991
SUM
1689
SUM
354
MAX
900
C
MIN
-821
MAX
807
SUM
1214
C
MAX
952
MAX
868
SUM
1212
C
C
MAX
900
MIN
-885
SUM
1211
N
MIN
-821
MIN
-868
SUM
1711
SUM
-107
C
SUM
-685
SUM
1641
SUM
412
MAX
883
MAX
783
N
N
C
C
MIN
-898
MAX
653
C
C
MAX
748
MAX
928
N
MIN
-992
C
N
SUM
-1216
C
MIN
-868
MIN
-653
SUM
-3822
MAX
870
SUM
-2541
C
N
MAX
733
N
SUM
2082
MIN
-781
MIN
-960
N
C
SUM
2081
MIN
-872
SUM
-3538
MAX
952
C
MAX
952
MIN
-872
C
C
SUM
-4283
SUM
-1324
C
SUM
-540
C
MAX
982
MAX
883
N
MAX
896
SUM
118
MIN
-540
C
C
C
SUM
751
SUM
-762
N
SUM
93
C
MIN
-859
MIN
-438
N
N
C
SUM
-914
MIN
-868
MAX
723
MAX
821
MAX
821
SUM
3674
C
C
SUM
186
MIN
-881
C
C
N
N
MIN
-994
MIN
-952
SUM
2844
MIN
-885
N
MAX
952
MIN
-807
MAX
994
SUM
1871
MAX
993
MIN
-868
SUM
488
C
MAX
940
MIN
-719
MAX
952
N
SUM
-761
N
MIN
-821
MAX
835
N
MAX
734
C
C
N
MAX
926
MIN
-821
C
MAX
982
C
C
C
C
MIN
-992
N
SUM
3876
SUM
2207
N
N
C
MIN
-907
N
MIN
-893
SUM
-2486
C
SUM
1881
MIN
-868
SUM
1063
SUM
-3112
MIN
-868
MAX
875
C
MIN
51
MIN
-991
N
N
MIN
-992
SUM
18
MIN
-653
C
SUM
-2348
MIN
-753
SUM
-1871
N
C
C
N
C
SUM
-2045
N
N
SUM
70
C
C
N
N
C
MAX
897
MIN
-985
MIN
-662
MAX
986
C
SUM
1233
MAX
940
N
N
MAX
959
C
MAX
639
N
MAX
773
C
C
SUM
-540
MIN
-821
SUM
-2617
N
MIN
-835
MAX
940
MAX
955
N
MIN
-952
N
N
SUM
382
MIN
-952
C
C
N
SUM
4372
SUM
-2510
C
N
MAX
940
C
SUM
-1893
SUM
3731
MIN
-507
MAX
821
SUM
243
MAX
952
SUM
723
MAX
986
C
MAX
872
MAX
773
N
C
MIN
-821
MIN
-821
MAX
952
N
N
MAX
160
C
C
SUM
159
MAX
986
MIN
-273
SUM
361
C
MAX
685
MIN
-868
N
MAX
761
N
N
C
C
N
N
C
MAX
986
N
MIN
-872
SUM
-242
MIN
-789
N
MIN
-786
SUM
135
MAX
870
C
MAX
952
C
MIN
-821
N
SUM
802
N
C
MAX
158
MIN
-994
MIN
-874
MIN
-872
MAX
783
N
N
C
MAX
685
MIN
-992
SUM
-1917
MIN
-992
C
C
MIN
-900
C
C
MIN
-952
C
SUM
-370
MIN
-994
C
C
C
C
C
SUM
-99
MIN
-952
MIN
-868
N
N
MAX
683
N
MIN
-952
N
N
C
MIN
-653
MIN
-653
C
SUM
2474
N
SUM
233
MAX
873
MIN
-872
SUM
-4925
C
SUM
3633
MIN
-872
SUM
3756
SUM
331
MIN
-966
C
C
SUM
2860
C
MAX
810
MAX
821
MIN
-686
N
C
C
N
MIN
-993
SUM
570
SUM
-558
C
C
C
MIN
-809
C
C
MIN
-952
N
MAX
875
SUM
-211
SUM
-3568
MIN
-924
MAX
653
C
C
SUM
1062
N
N
MAX
909
SUM
518
MIN
-868
MIN
-176
C
SUM
-772
C
N
SUM
-3499
MAX
992
C
MIN
-718
N
MAX
821
C
SUM
231
C
MIN
-332
SUM
-1212
N
SUM
958
C
SUM
-3088
MIN
-837
MAX
986
MAX
942
C
SUM
389
C
N
C
N
MAX
277
C
MAX
903
N
MAX
994
MIN
-968
SUM
1268
C
MAX
872
SUM
2892
SUM
-246
MAX
813
N
MIN
-561
SUM
-2237
SUM
2259
MAX
873
C
MIN
-868
MAX
891
MIN
-945
N
N
MAX
821
N
MIN
-807
C
SUM
-1156
N
MIN
-981
N
MAX
986
N
SUM
1083
MIN
-561
MAX
874
N
N
N
MIN
-940
MAX
667
MAX
952
SUM
-2709
N
MIN
-955
N
N
N
MIN
-992
SUM
-1097
C
MIN
-952
MIN
-933
C
MIN
4
SUM
-323
MIN
-952
C
C
MAX
770
N
MAX
834
SUM
-549
N
MIN
-868
C
N
MIN
-868
MAX
639
N
MIN
-952
MIN
-916
MAX
891
SUM
2893
N
N
N
MAX
763
C
MAX
952
MAX
743
MAX
898
MAX
975
MAX
900
MIN
-654
MIN
-985
SUM
-1993
SUM
563
MIN
-208
MAX
870
MIN
-438
N
N
C
MAX
905
MIN
-878
MIN
-749
C
N
C
N
MAX
786
MIN
-954
MIN
-925
MIN
-812
C
C
C
MIN
-406
C
MAX
980
MIN
-952
SUM
-1929
N
C
SUM
-877
SUM
835
N
MIN
-911
N
SUM
3034
N
N
N
C
N
MIN
-868
MIN
-868
MIN
-868
N
C
MAX
952
N
SUM
2539
MAX
942
SUM
904
MAX
837
MAX
821
N
SUM
100
C
N
SUM
-392
MIN
-609
C
N
N
SUM
2506
SUM
1871
SUM
-581
C
MIN
-225
MAX
770
MAX
952
SUM
-975
N
C
MIN
-821
N
MIN
-821
MAX
986
N
N
SUM
1147
MAX
886
N
SUM
-1529
N
SUM
-2367
MAX
952
MAX
984
SUM
-599
N
N
MAX
868
MAX
653
SUM
2336
MAX
946
MAX
991
SUM
-1923
MAX
965
SUM
-1073
MAX
732
MAX
870
SUM
2061
C
C
N
MAX
859
MAX
944
C
SUM
131
SUM
-247
SUM
1758
MAX
868
N
N
SUM
-1421
N
MAX
964
C
SUM
1109
C
SUM
208
C
MAX
821
SUM
1523
C
C
SUM
-2151
MAX
794
C
MAX
873
SUM
1427
N
MIN
-954
N
MAX
952
N
MAX
952
N
C
C
MIN
-653
C
C
MIN
-668
SUM
-448
SUM
-1370
SUM
-350
MAX
913
N
N
N
C
SUM
1923
MIN
-952
MAX
900
N
C
MIN
-868
C
MAX
647
C
MIN
-978
MIN
-664
MIN
-960
MAX
911
MAX
787
MIN
-963
MIN
-868
C
MIN
-821
MIN
-952
MAX
992
C
MIN
-860
MIN
-952
MIN
-678
C
SUM
3478
MAX
992
SUM
-393
C
MAX
992
SUM
-355
MIN
-952
C
MIN
-968
MAX
566
N
MAX
992
MAX
952
C
N
SUM
-1124
SUM
1154
C
MAX
952
MIN
-893
MIN
-917
MIN
-840
C
C
MIN
-758
MAX
667
N
MIN
-906
N
C
N
MAX
952
N
MIN
-840
MAX
664
N
N
MAX
821
N
MAX
718
SUM
-2108
N
MAX
834
MIN
-755
C
N
MAX
992
C
MIN
-872
SUM
234
C
C
N
N
N
MIN
-594
C
C
MIN
-872
SUM
-2713
MAX
960
N
SUM
880
C
MAX
992
N
MIN
-986
SUM
-3586
MIN
-942
MAX
718
MIN
-392
MIN
-668
SUM
341
MIN
-868
MIN
-986
N
N
MAX
852
MAX
732
MAX
718
MAX
773
C
MIN
-952
N
C
N
N
C
SUM
371
N
N
C
SUM
64
N
SUM
-830
MIN
-917
MIN
-662
SUM
2765
N
C
MAX
761
N
N
SUM
5223
MIN
-955
C
MAX
952
C
C
MIN
-870
N
N
SUM
-1479
MIN
-843
C
MIN
-872
N
N
MAX
717
SUM
-979
C
N
SUM
1167
MAX
906
N
MIN
-809
MIN
-880
MIN
-652
MIN
-792
C
C
C
MAX
859
SUM
-2021
MAX
858
N
MIN
-718
MIN
-968
C
SUM
-23
SUM
3975
C
SUM
-475
N
MIN
-952
C
N
C
MAX
908
C
C
N
MIN
-952
MIN
-952
SUM
-1255
C
MAX
868
C
N
MIN
-952
SUM
-1113
MAX
448
SUM
34
C
N
N
MIN
-870
C
SUM
390
N
MIN
-994
MIN
-530
N
MAX
886
MAX
986
N
C
MIN
-773
MAX
843
MIN
-917
MIN
-802
C
MAX
952
MAX
730
C
MIN
-872
MAX
952
MAX
667
C
N
N
C
MAX
982
MIN
-880
MAX
986
SUM
924
C
MAX
892
N
C
N
MIN
-960
MIN
-992
MIN
-609
N
MIN
-446
MIN
-574
MAX
986
N
MAX
952
MIN
-802
SUM
2688
MAX
952
N
SUM
1128
C
C
N
C
C
SUM
-381
N
N
SUM
2500
SUM
1636
MAX
952
MIN
-917
N
MIN
-901
C
C
C
C
C
MAX
986
MIN
-835
MIN
-941
MAX
868
MAX
868
N
C
SUM
3739
MAX
952
C
MAX
952
SUM
1953
SUM
-394
C
MAX
868
MIN
-874
N
MIN
-807
C
MIN
-952
N
N
MAX
893
SUM
-1464
MIN
-802
MAX
718
C
MIN
-732
C
SUM
1293
C
C
N
MAX
982
MAX
868
N
SUM
475
MAX
986
SUM
3487
SUM
1577
C
N
C
SUM
1603
MAX
667
C
C
MAX
728
SUM
1737
SUM
-530
SUM
-2052
C
MIN
-488
C
C
SUM
-1540
MIN
-566
SUM
-1115
SUM
-2673
MIN
-750
MIN
-992
MAX
992
MAX
430
MIN
-755
C
MIN
-727
N
SUM
-2094
SUM
-959
MAX
874
N
N
MIN
-805
MAX
951
SUM
-1825
MAX
834
MIN
-960
SUM
-1346
MIN
-718
SUM
1375
SUM
200
SUM
-600
SUM
728
N
MIN
-952
MAX
872
C
N
SUM
442
MAX
891
MAX
971
N
MAX
908
C
SUM
-1592
SUM
-530
N
C
C
C
MAX
980
MAX
964
MIN
-807
N
MAX
692
MAX
906
MAX
667
MAX
868
MIN
-639
C
SUM
1717
SUM
814
SUM
1369
C
MAX
667
MAX
986
MIN
-639
MAX
663
MAX
864
MAX
872
C
C
MAX
629
N
SUM
723
N
N
MIN
-893
C
MAX
752
C
MAX
859
SUM
-2917
MIN
-911
C
SUM
-2786
MAX
523
SUM
-938
SUM
1591
MAX
536
C
N
SUM
514
MIN
-840
SUM
370
C
MIN
-718
MIN
-962
SUM
1435
MIN
-864
MIN
-904
MAX
900
SUM
-2033
N
N
SUM
-830
MIN
-783
N
MAX
-643
SUM
-2993
C
MIN
-968
MIN
-770
MAX
874
SUM
-2467
N
N
N
MIN
-900
SUM
-2463
SUM
914
MIN
-870
MIN
-934
SUM
-1721
SUM
1483
MIN
-646
SUM
1471
MAX
991
SUM
-2838
MIN
-639
SUM
1293
SUM
-737
C
C
SUM
792
N
MIN
-900
MAX
805
MIN
-837
SUM
1585
N
N
C
N
MIN
-960
C
MIN
-868
MIN
-663
MAX
952
MIN
-870
N
MAX
928
N
SUM
955
C
